Started at Fri May 15 06:42:41 UTC 2020
Processing ansible-test
Offering ansible-test to Project Build Discarder
Processing first-job
Offering first-job to Project Build Discarder
Processing job-script
Offering job-script to Project Build Discarder
Processing new-ssh
Offering new-ssh to Project Build Discarder
Processing parameterized-job
Offering parameterized-job to Project Build Discarder
Processing ssh-task
Offering ssh-task to Project Build Discarder
Processing ssh-test
Offering ssh-test to Project Build Discarder
Processing test1
Offering test1 to Project Build Discarder
Processing test3
Offering test3 to Project Build Discarder
Finished at Fri May 15 06:42:41 UTC 2020. 4ms
Started at Fri May 15 07:42:41 UTC 2020
Processing ansible-test
Offering ansible-test to Project Build Discarder
Processing first-job
Offering first-job to Project Build Discarder
Processing job-script
Offering job-script to Project Build Discarder
Processing new-ssh
Offering new-ssh to Project Build Discarder
Processing parameterized-job
Offering parameterized-job to Project Build Discarder
Processing ssh-task
Offering ssh-task to Project Build Discarder
Processing ssh-test
Offering ssh-test to Project Build Discarder
Processing test1
Offering test1 to Project Build Discarder
Processing test3
Offering test3 to Project Build Discarder
Finished at Fri May 15 07:42:41 UTC 2020. 4ms
Started at Fri May 15 08:42:41 UTC 2020
Processing ansible-test
Offering ansible-test to Project Build Discarder
Processing first-job
Offering first-job to Project Build Discarder
Processing job-script
Offering job-script to Project Build Discarder
Processing new-ssh
Offering new-ssh to Project Build Discarder
Processing parameterized-job
Offering parameterized-job to Project Build Discarder
Processing ssh-task
Offering ssh-task to Project Build Discarder
Processing ssh-test
Offering ssh-test to Project Build Discarder
Processing test1
Offering test1 to Project Build Discarder
Processing test3
Offering test3 to Project Build Discarder
Finished at Fri May 15 08:42:41 UTC 2020. 1ms
Started at Fri May 15 09:42:41 UTC 2020
Processing ansible-test
Offering ansible-test to Project Build Discarder
Processing first-job
Offering first-job to Project Build Discarder
Processing job-script
Offering job-script to Project Build Discarder
Processing new-ssh
Offering new-ssh to Project Build Discarder
Processing parameterized-job
Offering parameterized-job to Project Build Discarder
Processing ssh-task
Offering ssh-task to Project Build Discarder
Processing ssh-test
Offering ssh-test to Project Build Discarder
Processing test1
Offering test1 to Project Build Discarder
Processing test3
Offering test3 to Project Build Discarder
Finished at Fri May 15 09:42:41 UTC 2020. 5ms
Started at Fri May 15 10:42:41 UTC 2020
Processing ansible-test
Offering ansible-test to Project Build Discarder
Processing first-job
Offering first-job to Project Build Discarder
Processing job-script
Offering job-script to Project Build Discarder
Processing new-ssh
Offering new-ssh to Project Build Discarder
Processing parameterized-job
Offering parameterized-job to Project Build Discarder
Processing ssh-task
Offering ssh-task to Project Build Discarder
Processing ssh-test
Offering ssh-test to Project Build Discarder
Processing test1
Offering test1 to Project Build Discarder
Processing test3
Offering test3 to Project Build Discarder
Finished at Fri May 15 10:42:41 UTC 2020. 1ms
Started at Fri May 15 11:42:41 UTC 2020
Processing ansible-test
Offering ansible-test to Project Build Discarder
Processing first-job
Offering first-job to Project Build Discarder
Processing job-script
Offering job-script to Project Build Discarder
Processing new-ssh
Offering new-ssh to Project Build Discarder
Processing parameterized-job
Offering parameterized-job to Project Build Discarder
Processing ssh-task
Offering ssh-task to Project Build Discarder
Processing ssh-test
Offering ssh-test to Project Build Discarder
Processing test1
Offering test1 to Project Build Discarder
Processing test3
Offering test3 to Project Build Discarder
Finished at Fri May 15 11:42:41 UTC 2020. 1ms
Started at Fri May 15 12:42:41 UTC 2020
Processing ansible-test
Offering ansible-test to Project Build Discarder
Processing first-job
Offering first-job to Project Build Discarder
Processing job-script
Offering job-script to Project Build Discarder
Processing new-ssh
Offering new-ssh to Project Build Discarder
Processing parameterized-job
Offering parameterized-job to Project Build Discarder
Processing ssh-task
Offering ssh-task to Project Build Discarder
Processing ssh-test
Offering ssh-test to Project Build Discarder
Processing test1
Offering test1 to Project Build Discarder
Processing test3
Offering test3 to Project Build Discarder
Finished at Fri May 15 12:42:41 UTC 2020. 2ms
Started at Fri May 15 13:42:41 UTC 2020
Processing ansible-test
Offering ansible-test to Project Build Discarder
Processing first-job
Offering first-job to Project Build Discarder
Processing job-script
Offering job-script to Project Build Discarder
Processing new-ssh
Offering new-ssh to Project Build Discarder
Processing parameterized-job
Offering parameterized-job to Project Build Discarder
Processing ssh-task
Offering ssh-task to Project Build Discarder
Processing ssh-test
Offering ssh-test to Project Build Discarder
Processing test1
Offering test1 to Project Build Discarder
Processing test3
Offering test3 to Project Build Discarder
Finished at Fri May 15 13:42:41 UTC 2020. 0ms
Started at Fri May 15 14:42:41 UTC 2020
Processing ansible-test
Offering ansible-test to Project Build Discarder
Processing first-job
Offering first-job to Project Build Discarder
Processing job-script
Offering job-script to Project Build Discarder
Processing new-ssh
Offering new-ssh to Project Build Discarder
Processing parameterized-job
Offering parameterized-job to Project Build Discarder
Processing ssh-task
Offering ssh-task to Project Build Discarder
Processing ssh-test
Offering ssh-test to Project Build Discarder
Processing test1
Offering test1 to Project Build Discarder
Processing test3
Offering test3 to Project Build Discarder
Finished at Fri May 15 14:42:41 UTC 2020. 0ms
Started at Fri May 15 15:42:41 UTC 2020
Processing ansible-test
Offering ansible-test to Project Build Discarder
Processing first-job
Offering first-job to Project Build Discarder
Processing job-script
Offering job-script to Project Build Discarder
Processing new-ssh
Offering new-ssh to Project Build Discarder
Processing parameterized-job
Offering parameterized-job to Project Build Discarder
Processing ssh-task
Offering ssh-task to Project Build Discarder
Processing ssh-test
Offering ssh-test to Project Build Discarder
Processing test1
Offering test1 to Project Build Discarder
Processing test3
Offering test3 to Project Build Discarder
Finished at Fri May 15 15:42:41 UTC 2020. 7ms
Started at Fri May 15 16:42:41 UTC 2020
Processing ansible-test
Offering ansible-test to Project Build Discarder
Processing first-job
Offering first-job to Project Build Discarder
Processing job-script
Offering job-script to Project Build Discarder
Processing new-ssh
Offering new-ssh to Project Build Discarder
Processing parameterized-job
Offering parameterized-job to Project Build Discarder
Processing ssh-task
Offering ssh-task to Project Build Discarder
Processing ssh-test
Offering ssh-test to Project Build Discarder
Processing test1
Offering test1 to Project Build Discarder
Processing test3
Offering test3 to Project Build Discarder
Finished at Fri May 15 16:42:41 UTC 2020. 2ms
Started at Fri May 15 17:42:41 UTC 2020
Processing ansible-test
Offering ansible-test to Project Build Discarder
Processing first-job
Offering first-job to Project Build Discarder
Processing job-script
Offering job-script to Project Build Discarder
Processing new-ssh
Offering new-ssh to Project Build Discarder
Processing parameterized-job
Offering parameterized-job to Project Build Discarder
Processing ssh-task
Offering ssh-task to Project Build Discarder
Processing ssh-test
Offering ssh-test to Project Build Discarder
Processing test1
Offering test1 to Project Build Discarder
Processing test3
Offering test3 to Project Build Discarder
Finished at Fri May 15 17:42:41 UTC 2020. 3ms
Started at Fri May 15 18:42:41 UTC 2020
Processing ansible-test
Offering ansible-test to Project Build Discarder
Processing first-job
Offering first-job to Project Build Discarder
Processing job-script
Offering job-script to Project Build Discarder
Processing new-ssh
Offering new-ssh to Project Build Discarder
Processing parameterized-job
Offering parameterized-job to Project Build Discarder
Processing ssh-task
Offering ssh-task to Project Build Discarder
Processing ssh-test
Offering ssh-test to Project Build Discarder
Processing test1
Offering test1 to Project Build Discarder
Processing test3
Offering test3 to Project Build Discarder
Finished at Fri May 15 18:42:41 UTC 2020. 5ms
Started at Fri May 15 19:42:41 UTC 2020
Processing ansible-test
Offering ansible-test to Project Build Discarder
Processing first-job
Offering first-job to Project Build Discarder
Processing job-script
Offering job-script to Project Build Discarder
Processing new-ssh
Offering new-ssh to Project Build Discarder
Processing parameterized-job
Offering parameterized-job to Project Build Discarder
Processing ssh-task
Offering ssh-task to Project Build Discarder
Processing ssh-test
Offering ssh-test to Project Build Discarder
Processing test1
Offering test1 to Project Build Discarder
Processing test3
Offering test3 to Project Build Discarder
Finished at Fri May 15 19:42:41 UTC 2020. 1ms
Started at Fri May 15 20:42:41 UTC 2020
Processing ansible-test
Offering ansible-test to Project Build Discarder
Processing first-job
Offering first-job to Project Build Discarder
Processing job-script
Offering job-script to Project Build Discarder
Processing new-ssh
Offering new-ssh to Project Build Discarder
Processing parameterized-job
Offering parameterized-job to Project Build Discarder
Processing ssh-task
Offering ssh-task to Project Build Discarder
Processing ssh-test
Offering ssh-test to Project Build Discarder
Processing test1
Offering test1 to Project Build Discarder
Processing test3
Offering test3 to Project Build Discarder
Finished at Fri May 15 20:42:41 UTC 2020. 2ms
Started at Fri May 15 21:42:41 UTC 2020
Processing ansible-test
Offering ansible-test to Project Build Discarder
Processing first-job
Offering first-job to Project Build Discarder
Processing job-script
Offering job-script to Project Build Discarder
Processing new-ssh
Offering new-ssh to Project Build Discarder
Processing parameterized-job
Offering parameterized-job to Project Build Discarder
Processing ssh-task
Offering ssh-task to Project Build Discarder
Processing ssh-test
Offering ssh-test to Project Build Discarder
Processing test1
Offering test1 to Project Build Discarder
Processing test3
Offering test3 to Project Build Discarder
Finished at Fri May 15 21:42:41 UTC 2020. 1ms
Started at Fri May 15 22:42:41 UTC 2020
Processing ansible-test
Offering ansible-test to Project Build Discarder
Processing first-job
Offering first-job to Project Build Discarder
Processing job-script
Offering job-script to Project Build Discarder
Processing new-ssh
Offering new-ssh to Project Build Discarder
Processing parameterized-job
Offering parameterized-job to Project Build Discarder
Processing ssh-task
Offering ssh-task to Project Build Discarder
Processing ssh-test
Offering ssh-test to Project Build Discarder
Processing test1
Offering test1 to Project Build Discarder
Processing test3
Offering test3 to Project Build Discarder
Finished at Fri May 15 22:42:41 UTC 2020. 1ms
Started at Fri May 15 23:42:41 UTC 2020
Processing ansible-test
Offering ansible-test to Project Build Discarder
Processing first-job
Offering first-job to Project Build Discarder
Processing job-script
Offering job-script to Project Build Discarder
Processing new-ssh
Offering new-ssh to Project Build Discarder
Processing parameterized-job
Offering parameterized-job to Project Build Discarder
Processing ssh-task
Offering ssh-task to Project Build Discarder
Processing ssh-test
Offering ssh-test to Project Build Discarder
Processing test1
Offering test1 to Project Build Discarder
Processing test3
Offering test3 to Project Build Discarder
Finished at Fri May 15 23:42:41 UTC 2020. 4ms
Started at Sat May 16 00:42:41 UTC 2020
Processing ansible-test
Offering ansible-test to Project Build Discarder
Processing first-job
Offering first-job to Project Build Discarder
Processing job-script
Offering job-script to Project Build Discarder
Processing new-ssh
Offering new-ssh to Project Build Discarder
Processing parameterized-job
Offering parameterized-job to Project Build Discarder
Processing ssh-task
Offering ssh-task to Project Build Discarder
Processing ssh-test
Offering ssh-test to Project Build Discarder
Processing test1
Offering test1 to Project Build Discarder
Processing test3
Offering test3 to Project Build Discarder
Finished at Sat May 16 00:42:41 UTC 2020. 1ms
Started at Sat May 16 01:42:41 UTC 2020
Processing ansible-test
Offering ansible-test to Project Build Discarder
Processing first-job
Offering first-job to Project Build Discarder
Processing job-script
Offering job-script to Project Build Discarder
Processing new-ssh
Offering new-ssh to Project Build Discarder
Processing parameterized-job
Offering parameterized-job to Project Build Discarder
Processing ssh-task
Offering ssh-task to Project Build Discarder
Processing ssh-test
Offering ssh-test to Project Build Discarder
Processing test1
Offering test1 to Project Build Discarder
Processing test3
Offering test3 to Project Build Discarder
Finished at Sat May 16 01:42:41 UTC 2020. 0ms
Started at Sat May 16 02:42:41 UTC 2020
Processing ansible-test
Offering ansible-test to Project Build Discarder
Processing first-job
Offering first-job to Project Build Discarder
Processing job-script
Offering job-script to Project Build Discarder
Processing new-ssh
Offering new-ssh to Project Build Discarder
Processing parameterized-job
Offering parameterized-job to Project Build Discarder
Processing ssh-task
Offering ssh-task to Project Build Discarder
Processing ssh-test
Offering ssh-test to Project Build Discarder
Processing test1
Offering test1 to Project Build Discarder
Processing test3
Offering test3 to Project Build Discarder
Finished at Sat May 16 02:42:41 UTC 2020. 1ms
Started at Sat May 16 03:42:41 UTC 2020
Processing ansible-test
Offering ansible-test to Project Build Discarder
Processing first-job
Offering first-job to Project Build Discarder
Processing job-script
Offering job-script to Project Build Discarder
Processing new-ssh
Offering new-ssh to Project Build Discarder
Processing parameterized-job
Offering parameterized-job to Project Build Discarder
Processing ssh-task
Offering ssh-task to Project Build Discarder
Processing ssh-test
Offering ssh-test to Project Build Discarder
Processing test1
Offering test1 to Project Build Discarder
Processing test3
Offering test3 to Project Build Discarder
Finished at Sat May 16 03:42:41 UTC 2020. 4ms
Started at Sat May 16 04:42:41 UTC 2020
Processing ansible-test
Offering ansible-test to Project Build Discarder
Processing first-job
Offering first-job to Project Build Discarder
Processing job-script
Offering job-script to Project Build Discarder
Processing new-ssh
Offering new-ssh to Project Build Discarder
Processing parameterized-job
Offering parameterized-job to Project Build Discarder
Processing ssh-task
Offering ssh-task to Project Build Discarder
Processing ssh-test
Offering ssh-test to Project Build Discarder
Processing test1
Offering test1 to Project Build Discarder
Processing test3
Offering test3 to Project Build Discarder
Finished at Sat May 16 04:42:41 UTC 2020. 1ms
Started at Sat May 16 05:42:41 UTC 2020
Processing ansible-test
Offering ansible-test to Project Build Discarder
Processing first-job
Offering first-job to Project Build Discarder
Processing job-script
Offering job-script to Project Build Discarder
Processing new-ssh
Offering new-ssh to Project Build Discarder
Processing parameterized-job
Offering parameterized-job to Project Build Discarder
Processing ssh-task
Offering ssh-task to Project Build Discarder
Processing ssh-test
Offering ssh-test to Project Build Discarder
Processing test1
Offering test1 to Project Build Discarder
Processing test3
Offering test3 to Project Build Discarder
Finished at Sat May 16 05:42:41 UTC 2020. 2ms
