Started at Thu May 14 08:02:03 UTC 2020
Checking ansible-test
Checking first-job
Checking job-script
Checking new-ssh
Checking parameterized-job
Checking ssh-task
Checking ssh-test
Checking test1
Checking test3
Finished at Thu May 14 08:02:03 UTC 2020. 41ms
Started at Fri May 15 08:02:03 UTC 2020
Checking ansible-test
Checking first-job
Checking job-script
Checking new-ssh
Checking parameterized-job
Checking ssh-task
Checking ssh-test
Checking test1
Checking test3
Finished at Fri May 15 08:02:03 UTC 2020. 11ms
